<?xml version="1.0" encoding="UTF-8"?>
<!-- Generated by org.testng.reporters.JUnitReportReporter -->
<testsuite skipped="0" hostname="Dany-PC" name="com.web.Web" tests="1" failures="0" timestamp="2019-09-05T03:39:14 CAT" time="41.406" errors="0">
  <testcase name="TestCaseWeb" time="41.406" classname="com.web.Web"/>
</testsuite> <!-- com.web.Web -->
