<?xml version="1.0" encoding="UTF-8"?>
<!-- Generated by org.testng.reporters.JUnitReportReporter -->
<testsuite skipped="0" hostname="Dany-PC" name="API.Dogs" tests="1" failures="0" timestamp="2019-09-05T03:37:57 CAT" time="0.026" errors="0">
  <testcase name="verifyBreedExists" time="0.026" classname="API.Dogs"/>
</testsuite> <!-- API.Dogs -->
