<?xml version="1.0" encoding="UTF-8"?>
<!-- Generated by org.testng.reporters.JUnitReportReporter -->
<testsuite skipped="0" hostname="Dany-PC" name="API.DogBreed" tests="3" failures="0" timestamp="2019-09-05T03:38:10 CAT" time="3.538" errors="0">
  <testcase name="retrieverGolden" time="0.234" classname="API.DogBreed"/>
  <testcase name="ListBreeds" time="2.797" classname="API.DogBreed"/>
  <testcase name="breedRetriever" time="0.507" classname="API.DogBreed"/>
</testsuite> <!-- API.DogBreed -->
